<?xml version="1.0" encoding="UTF-8"?>
<coverage generated="1587892884700" clover="3.2.0">
  <project timestamp="1587892884700" name="All files">
    <metrics statements="24" coveredstatements="24" conditionals="0" coveredconditionals="0" methods="0" coveredmethods="0" elements="24" coveredelements="24" complexity="0" loc="24" ncloc="24" packages="1" files="24" classes="24"/>
    <file name="align-content.js" path="/Users/devoresyah/Documents/react-native/osmicsx/src/align-content.js">
      <metrics statements="1" coveredstatements="1" conditionals="0" coveredconditionals="0" methods="0" coveredmethods="0"/>
      <line num="1" count="1" type="stmt"/>
    </file>
    <file name="align-items.js" path="/Users/devoresyah/Documents/react-native/osmicsx/src/align-items.js">
      <metrics statements="1" coveredstatements="1" conditionals="0" coveredconditionals="0" methods="0" coveredmethods="0"/>
      <line num="1" count="1" type="stmt"/>
    </file>
    <file name="align-self.js" path="/Users/devoresyah/Documents/react-native/osmicsx/src/align-self.js">
      <metrics statements="1" coveredstatements="1" conditionals="0" coveredconditionals="0" methods="0" coveredmethods="0"/>
      <line num="1" count="1" type="stmt"/>
    </file>
    <file name="background-color.js" path="/Users/devoresyah/Documents/react-native/osmicsx/src/background-color.js">
      <metrics statements="1" coveredstatements="1" conditionals="0" coveredconditionals="0" methods="0" coveredmethods="0"/>
      <line num="3" count="1" type="stmt"/>
    </file>
    <file name="border-color.js" path="/Users/devoresyah/Documents/react-native/osmicsx/src/border-color.js">
      <metrics statements="1" coveredstatements="1" conditionals="0" coveredconditionals="0" methods="0" coveredmethods="0"/>
      <line num="3" count="1" type="stmt"/>
    </file>
    <file name="border-radius.js" path="/Users/devoresyah/Documents/react-native/osmicsx/src/border-radius.js">
      <metrics statements="1" coveredstatements="1" conditionals="0" coveredconditionals="0" methods="0" coveredmethods="0"/>
      <line num="1" count="1" type="stmt"/>
    </file>
    <file name="border-style.js" path="/Users/devoresyah/Documents/react-native/osmicsx/src/border-style.js">
      <metrics statements="1" coveredstatements="1" conditionals="0" coveredconditionals="0" methods="0" coveredmethods="0"/>
      <line num="1" count="1" type="stmt"/>
    </file>
    <file name="border-width.js" path="/Users/devoresyah/Documents/react-native/osmicsx/src/border-width.js">
      <metrics statements="1" coveredstatements="1" conditionals="0" coveredconditionals="0" methods="0" coveredmethods="0"/>
      <line num="1" count="1" type="stmt"/>
    </file>
    <file name="flex-direction.js" path="/Users/devoresyah/Documents/react-native/osmicsx/src/flex-direction.js">
      <metrics statements="1" coveredstatements="1" conditionals="0" coveredconditionals="0" methods="0" coveredmethods="0"/>
      <line num="1" count="1" type="stmt"/>
    </file>
    <file name="flex-grow.js" path="/Users/devoresyah/Documents/react-native/osmicsx/src/flex-grow.js">
      <metrics statements="1" coveredstatements="1" conditionals="0" coveredconditionals="0" methods="0" coveredmethods="0"/>
      <line num="1" count="1" type="stmt"/>
    </file>
    <file name="flex-shrink.js" path="/Users/devoresyah/Documents/react-native/osmicsx/src/flex-shrink.js">
      <metrics statements="1" coveredstatements="1" conditionals="0" coveredconditionals="0" methods="0" coveredmethods="0"/>
      <line num="1" count="1" type="stmt"/>
    </file>
    <file name="flex-wrap.js" path="/Users/devoresyah/Documents/react-native/osmicsx/src/flex-wrap.js">
      <metrics statements="1" coveredstatements="1" conditionals="0" coveredconditionals="0" methods="0" coveredmethods="0"/>
      <line num="1" count="1" type="stmt"/>
    </file>
    <file name="flex.js" path="/Users/devoresyah/Documents/react-native/osmicsx/src/flex.js">
      <metrics statements="1" coveredstatements="1" conditionals="0" coveredconditionals="0" methods="0" coveredmethods="0"/>
      <line num="1" count="1" type="stmt"/>
    </file>
    <file name="justify-content.js" path="/Users/devoresyah/Documents/react-native/osmicsx/src/justify-content.js">
      <metrics statements="1" coveredstatements="1" conditionals="0" coveredconditionals="0" methods="0" coveredmethods="0"/>
      <line num="1" count="1" type="stmt"/>
    </file>
    <file name="letter-spacing.js" path="/Users/devoresyah/Documents/react-native/osmicsx/src/letter-spacing.js">
      <metrics statements="1" coveredstatements="1" conditionals="0" coveredconditionals="0" methods="0" coveredmethods="0"/>
      <line num="1" count="1" type="stmt"/>
    </file>
    <file name="line-height.js" path="/Users/devoresyah/Documents/react-native/osmicsx/src/line-height.js">
      <metrics statements="1" coveredstatements="1" conditionals="0" coveredconditionals="0" methods="0" coveredmethods="0"/>
      <line num="1" count="1" type="stmt"/>
    </file>
    <file name="margin.js" path="/Users/devoresyah/Documents/react-native/osmicsx/src/margin.js">
      <metrics statements="1" coveredstatements="1" conditionals="0" coveredconditionals="0" methods="0" coveredmethods="0"/>
      <line num="1" count="1" type="stmt"/>
    </file>
    <file name="opacity.js" path="/Users/devoresyah/Documents/react-native/osmicsx/src/opacity.js">
      <metrics statements="1" coveredstatements="1" conditionals="0" coveredconditionals="0" methods="0" coveredmethods="0"/>
      <line num="1" count="1" type="stmt"/>
    </file>
    <file name="overflow.js" path="/Users/devoresyah/Documents/react-native/osmicsx/src/overflow.js">
      <metrics statements="1" coveredstatements="1" conditionals="0" coveredconditionals="0" methods="0" coveredmethods="0"/>
      <line num="1" count="1" type="stmt"/>
    </file>
    <file name="padding.js" path="/Users/devoresyah/Documents/react-native/osmicsx/src/padding.js">
      <metrics statements="1" coveredstatements="1" conditionals="0" coveredconditionals="0" methods="0" coveredmethods="0"/>
      <line num="1" count="1" type="stmt"/>
    </file>
    <file name="position.js" path="/Users/devoresyah/Documents/react-native/osmicsx/src/position.js">
      <metrics statements="1" coveredstatements="1" conditionals="0" coveredconditionals="0" methods="0" coveredmethods="0"/>
      <line num="1" count="1" type="stmt"/>
    </file>
    <file name="resize-mode.js" path="/Users/devoresyah/Documents/react-native/osmicsx/src/resize-mode.js">
      <metrics statements="1" coveredstatements="1" conditionals="0" coveredconditionals="0" methods="0" coveredmethods="0"/>
      <line num="1" count="1" type="stmt"/>
    </file>
    <file name="rotate.js" path="/Users/devoresyah/Documents/react-native/osmicsx/src/rotate.js">
      <metrics statements="1" coveredstatements="1" conditionals="0" coveredconditionals="0" methods="0" coveredmethods="0"/>
      <line num="1" count="1" type="stmt"/>
    </file>
    <file name="shadow.js" path="/Users/devoresyah/Documents/react-native/osmicsx/src/shadow.js">
      <metrics statements="1" coveredstatements="1" conditionals="0" coveredconditionals="0" methods="0" coveredmethods="0"/>
      <line num="1" count="1" type="stmt"/>
    </file>
  </project>
</coverage>
