{"/Users/devoresyah/Documents/react-native/osmicsx/src/align-content.js": {"path":"/Users/devoresyah/Documents/react-native/osmicsx/src/align-content.js","statementMap":{"0":{"start":{"line":1,"column":21},"end":{"line":8,"column":1}}},"fnMap":{},"branchMap":{},"s":{"0":1},"f":{},"b":{},"_coverageSchema":"1a1c01bbd47fc00a2c39e90264f33305004495a9","hash":"059eaf86412d8c3ecb2bdfdcf9abce3ebcb86fc6"}
,"/Users/devoresyah/Documents/react-native/osmicsx/src/align-items.js": {"path":"/Users/devoresyah/Documents/react-native/osmicsx/src/align-items.js","statementMap":{"0":{"start":{"line":1,"column":19},"end":{"line":7,"column":1}}},"fnMap":{},"branchMap":{},"s":{"0":1},"f":{},"b":{},"_coverageSchema":"1a1c01bbd47fc00a2c39e90264f33305004495a9","hash":"bf01a79b0e2c3ef29b4b7c1fe658dfb7a9216c3c"}
,"/Users/devoresyah/Documents/react-native/osmicsx/src/align-self.js": {"path":"/Users/devoresyah/Documents/react-native/osmicsx/src/align-self.js","statementMap":{"0":{"start":{"line":1,"column":18},"end":{"line":8,"column":1}}},"fnMap":{},"branchMap":{},"s":{"0":1},"f":{},"b":{},"_coverageSchema":"1a1c01bbd47fc00a2c39e90264f33305004495a9","hash":"63b3e2044fc3267f899f63024ba04149b72f6b3f"}
,"/Users/devoresyah/Documents/react-native/osmicsx/src/background-color.js": {"path":"/Users/devoresyah/Documents/react-native/osmicsx/src/background-color.js","statementMap":{"0":{"start":{"line":3,"column":24},"end":{"line":97,"column":1}}},"fnMap":{},"branchMap":{},"s":{"0":1},"f":{},"b":{},"_coverageSchema":"1a1c01bbd47fc00a2c39e90264f33305004495a9","hash":"77fb916b4716fb4505223df5e5588a4934d7a89b"}
,"/Users/devoresyah/Documents/react-native/osmicsx/src/border-color.js": {"path":"/Users/devoresyah/Documents/react-native/osmicsx/src/border-color.js","statementMap":{"0":{"start":{"line":3,"column":20},"end":{"line":97,"column":1}}},"fnMap":{},"branchMap":{},"s":{"0":1},"f":{},"b":{},"_coverageSchema":"1a1c01bbd47fc00a2c39e90264f33305004495a9","hash":"e5ab5996284c19d2c59ffaae3f40abf3756468f6"}
,"/Users/devoresyah/Documents/react-native/osmicsx/src/border-radius.js": {"path":"/Users/devoresyah/Documents/react-native/osmicsx/src/border-radius.js","statementMap":{"0":{"start":{"line":1,"column":21},"end":{"line":56,"column":1}}},"fnMap":{},"branchMap":{},"s":{"0":1},"f":{},"b":{},"_coverageSchema":"1a1c01bbd47fc00a2c39e90264f33305004495a9","hash":"203ddfc7ba364c1a947d76224d4d9cd09346a820"}
,"/Users/devoresyah/Documents/react-native/osmicsx/src/border-style.js": {"path":"/Users/devoresyah/Documents/react-native/osmicsx/src/border-style.js","statementMap":{"0":{"start":{"line":1,"column":20},"end":{"line":5,"column":1}}},"fnMap":{},"branchMap":{},"s":{"0":1},"f":{},"b":{},"_coverageSchema":"1a1c01bbd47fc00a2c39e90264f33305004495a9","hash":"217614519fa89c3d1371d61ec5069aa738945c8f"}
,"/Users/devoresyah/Documents/react-native/osmicsx/src/border-width.js": {"path":"/Users/devoresyah/Documents/react-native/osmicsx/src/border-width.js","statementMap":{"0":{"start":{"line":1,"column":20},"end":{"line":27,"column":1}}},"fnMap":{},"branchMap":{},"s":{"0":1},"f":{},"b":{},"_coverageSchema":"1a1c01bbd47fc00a2c39e90264f33305004495a9","hash":"3d2eb109338a3a58dab89bfdeae13b183d4f472e"}
,"/Users/devoresyah/Documents/react-native/osmicsx/src/flex-direction.js": {"path":"/Users/devoresyah/Documents/react-native/osmicsx/src/flex-direction.js","statementMap":{"0":{"start":{"line":1,"column":22},"end":{"line":6,"column":1}}},"fnMap":{},"branchMap":{},"s":{"0":1},"f":{},"b":{},"_coverageSchema":"1a1c01bbd47fc00a2c39e90264f33305004495a9","hash":"3b3e18d813756d3349124514676ecbb680ff1b9b"}
,"/Users/devoresyah/Documents/react-native/osmicsx/src/flex-grow.js": {"path":"/Users/devoresyah/Documents/react-native/osmicsx/src/flex-grow.js","statementMap":{"0":{"start":{"line":1,"column":17},"end":{"line":15,"column":1}}},"fnMap":{},"branchMap":{},"s":{"0":1},"f":{},"b":{},"_coverageSchema":"1a1c01bbd47fc00a2c39e90264f33305004495a9","hash":"bf08e757e566d9dc7b9e840fb0142f34b47afbf9"}
,"/Users/devoresyah/Documents/react-native/osmicsx/src/flex-shrink.js": {"path":"/Users/devoresyah/Documents/react-native/osmicsx/src/flex-shrink.js","statementMap":{"0":{"start":{"line":1,"column":19},"end":{"line":15,"column":1}}},"fnMap":{},"branchMap":{},"s":{"0":1},"f":{},"b":{},"_coverageSchema":"1a1c01bbd47fc00a2c39e90264f33305004495a9","hash":"fa7b8a0df9828ac341b693e114bc2af3e4bc943c"}
,"/Users/devoresyah/Documents/react-native/osmicsx/src/flex-wrap.js": {"path":"/Users/devoresyah/Documents/react-native/osmicsx/src/flex-wrap.js","statementMap":{"0":{"start":{"line":1,"column":17},"end":{"line":4,"column":1}}},"fnMap":{},"branchMap":{},"s":{"0":1},"f":{},"b":{},"_coverageSchema":"1a1c01bbd47fc00a2c39e90264f33305004495a9","hash":"df0835917b730c6d67bb72df30b084e975906c4e"}
,"/Users/devoresyah/Documents/react-native/osmicsx/src/flex.js": {"path":"/Users/devoresyah/Documents/react-native/osmicsx/src/flex.js","statementMap":{"0":{"start":{"line":1,"column":13},"end":{"line":16,"column":1}}},"fnMap":{},"branchMap":{},"s":{"0":1},"f":{},"b":{},"_coverageSchema":"1a1c01bbd47fc00a2c39e90264f33305004495a9","hash":"3311b08e05bfdcf77d6c55b384d746a376715c3b"}
,"/Users/devoresyah/Documents/react-native/osmicsx/src/justify-content.js": {"path":"/Users/devoresyah/Documents/react-native/osmicsx/src/justify-content.js","statementMap":{"0":{"start":{"line":1,"column":23},"end":{"line":8,"column":1}}},"fnMap":{},"branchMap":{},"s":{"0":1},"f":{},"b":{},"_coverageSchema":"1a1c01bbd47fc00a2c39e90264f33305004495a9","hash":"23c54acf071a4917be5ed979b26ea620e741ded8"}
,"/Users/devoresyah/Documents/react-native/osmicsx/src/letter-spacing.js": {"path":"/Users/devoresyah/Documents/react-native/osmicsx/src/letter-spacing.js","statementMap":{"0":{"start":{"line":1,"column":22},"end":{"line":8,"column":1}}},"fnMap":{},"branchMap":{},"s":{"0":1},"f":{},"b":{},"_coverageSchema":"1a1c01bbd47fc00a2c39e90264f33305004495a9","hash":"94d8cee2bb56197c6de2c184d96355247eb6fe29"}
,"/Users/devoresyah/Documents/react-native/osmicsx/src/line-height.js": {"path":"/Users/devoresyah/Documents/react-native/osmicsx/src/line-height.js","statementMap":{"0":{"start":{"line":1,"column":19},"end":{"line":16,"column":1}}},"fnMap":{},"branchMap":{},"s":{"0":1},"f":{},"b":{},"_coverageSchema":"1a1c01bbd47fc00a2c39e90264f33305004495a9","hash":"ded0730b1e7b98eaf4dc7142cfa356475bab395a"}
,"/Users/devoresyah/Documents/react-native/osmicsx/src/margin.js": {"path":"/Users/devoresyah/Documents/react-native/osmicsx/src/margin.js","statementMap":{"0":{"start":{"line":1,"column":15},"end":{"line":296,"column":1}}},"fnMap":{},"branchMap":{},"s":{"0":1},"f":{},"b":{},"_coverageSchema":"1a1c01bbd47fc00a2c39e90264f33305004495a9","hash":"ba871dc2cd1fb9d6199d96a5c8f69199e82e705b"}
,"/Users/devoresyah/Documents/react-native/osmicsx/src/opacity.js": {"path":"/Users/devoresyah/Documents/react-native/osmicsx/src/opacity.js","statementMap":{"0":{"start":{"line":1,"column":16},"end":{"line":7,"column":1}}},"fnMap":{},"branchMap":{},"s":{"0":1},"f":{},"b":{},"_coverageSchema":"1a1c01bbd47fc00a2c39e90264f33305004495a9","hash":"d3b6da5b7ad20f42ab68972ec989a6101da20a63"}
,"/Users/devoresyah/Documents/react-native/osmicsx/src/overflow.js": {"path":"/Users/devoresyah/Documents/react-native/osmicsx/src/overflow.js","statementMap":{"0":{"start":{"line":1,"column":17},"end":{"line":4,"column":1}}},"fnMap":{},"branchMap":{},"s":{"0":1},"f":{},"b":{},"_coverageSchema":"1a1c01bbd47fc00a2c39e90264f33305004495a9","hash":"42d4173475668ecb98b686b007fb47457db2c7ad"}
,"/Users/devoresyah/Documents/react-native/osmicsx/src/padding.js": {"path":"/Users/devoresyah/Documents/react-native/osmicsx/src/padding.js","statementMap":{"0":{"start":{"line":1,"column":16},"end":{"line":149,"column":1}}},"fnMap":{},"branchMap":{},"s":{"0":1},"f":{},"b":{},"_coverageSchema":"1a1c01bbd47fc00a2c39e90264f33305004495a9","hash":"2299b5348f5456cd0e9e537b1118ea37321c6001"}
,"/Users/devoresyah/Documents/react-native/osmicsx/src/position.js": {"path":"/Users/devoresyah/Documents/react-native/osmicsx/src/position.js","statementMap":{"0":{"start":{"line":1,"column":17},"end":{"line":4,"column":1}}},"fnMap":{},"branchMap":{},"s":{"0":1},"f":{},"b":{},"_coverageSchema":"1a1c01bbd47fc00a2c39e90264f33305004495a9","hash":"75b80a86112212ee8378ba4a2a5c92724c1c4e87"}
,"/Users/devoresyah/Documents/react-native/osmicsx/src/resize-mode.js": {"path":"/Users/devoresyah/Documents/react-native/osmicsx/src/resize-mode.js","statementMap":{"0":{"start":{"line":1,"column":19},"end":{"line":7,"column":1}}},"fnMap":{},"branchMap":{},"s":{"0":1},"f":{},"b":{},"_coverageSchema":"1a1c01bbd47fc00a2c39e90264f33305004495a9","hash":"c9ac08f75869dac4fb1c86fb3504450727ed84f9"}
,"/Users/devoresyah/Documents/react-native/osmicsx/src/rotate.js": {"path":"/Users/devoresyah/Documents/react-native/osmicsx/src/rotate.js","statementMap":{"0":{"start":{"line":1,"column":15},"end":{"line":9,"column":1}}},"fnMap":{},"branchMap":{},"s":{"0":1},"f":{},"b":{},"_coverageSchema":"1a1c01bbd47fc00a2c39e90264f33305004495a9","hash":"9d1b7eb311b31ca29cad02138870100dac8219b0"}
,"/Users/devoresyah/Documents/react-native/osmicsx/src/shadow.js": {"path":"/Users/devoresyah/Documents/react-native/osmicsx/src/shadow.js","statementMap":{"0":{"start":{"line":1,"column":15},"end":{"line":73,"column":1}}},"fnMap":{},"branchMap":{},"s":{"0":1},"f":{},"b":{},"_coverageSchema":"1a1c01bbd47fc00a2c39e90264f33305004495a9","hash":"851e80589771d80e6f66cad0f6a90b0878f5e008"}
,"/Users/devoresyah/Documents/react-native/osmicsx/src/text-align.js": {"path":"/Users/devoresyah/Documents/react-native/osmicsx/src/text-align.js","statementMap":{"0":{"start":{"line":1,"column":18},"end":{"line":6,"column":1}}},"fnMap":{},"branchMap":{},"s":{"0":1},"f":{},"b":{},"_coverageSchema":"1a1c01bbd47fc00a2c39e90264f33305004495a9","hash":"346753f5451f32ab3dd9dafecadc6493da7dac6a"}
,"/Users/devoresyah/Documents/react-native/osmicsx/src/text-color.js": {"path":"/Users/devoresyah/Documents/react-native/osmicsx/src/text-color.js","statementMap":{"0":{"start":{"line":3,"column":18},"end":{"line":97,"column":1}}},"fnMap":{},"branchMap":{},"s":{"0":1},"f":{},"b":{},"_coverageSchema":"1a1c01bbd47fc00a2c39e90264f33305004495a9","hash":"ba2293e98f0cca091be379793f84f43668206d40"}
,"/Users/devoresyah/Documents/react-native/osmicsx/src/text-size.js": {"path":"/Users/devoresyah/Documents/react-native/osmicsx/src/text-size.js","statementMap":{"0":{"start":{"line":1,"column":17},"end":{"line":12,"column":1}}},"fnMap":{},"branchMap":{},"s":{"0":1},"f":{},"b":{},"_coverageSchema":"1a1c01bbd47fc00a2c39e90264f33305004495a9","hash":"f678b0fb430484530be2ca27abd1d523636523e7"}
,"/Users/devoresyah/Documents/react-native/osmicsx/src/text-style.js": {"path":"/Users/devoresyah/Documents/react-native/osmicsx/src/text-style.js","statementMap":{"0":{"start":{"line":1,"column":18},"end":{"line":15,"column":1}}},"fnMap":{},"branchMap":{},"s":{"0":1},"f":{},"b":{},"_coverageSchema":"1a1c01bbd47fc00a2c39e90264f33305004495a9","hash":"be4adf7ba819b0199604886ad5dd962025de6b6a"}
,"/Users/devoresyah/Documents/react-native/osmicsx/src/text-transform.js": {"path":"/Users/devoresyah/Documents/react-native/osmicsx/src/text-transform.js","statementMap":{"0":{"start":{"line":1,"column":22},"end":{"line":6,"column":1}}},"fnMap":{},"branchMap":{},"s":{"0":1},"f":{},"b":{},"_coverageSchema":"1a1c01bbd47fc00a2c39e90264f33305004495a9","hash":"312772fe3dec2581737c7b1245a84c9f7480dc89"}
,"/Users/devoresyah/Documents/react-native/osmicsx/src/trbl.js": {"path":"/Users/devoresyah/Documents/react-native/osmicsx/src/trbl.js","statementMap":{"0":{"start":{"line":1,"column":13},"end":{"line":37,"column":1}}},"fnMap":{},"branchMap":{},"s":{"0":1},"f":{},"b":{},"_coverageSchema":"1a1c01bbd47fc00a2c39e90264f33305004495a9","hash":"34d2a87941d1f84cf0d617d551d6942e782bc085"}
,"/Users/devoresyah/Documents/react-native/osmicsx/src/vertical-align.js": {"path":"/Users/devoresyah/Documents/react-native/osmicsx/src/vertical-align.js","statementMap":{"0":{"start":{"line":1,"column":22},"end":{"line":6,"column":1}}},"fnMap":{},"branchMap":{},"s":{"0":1},"f":{},"b":{},"_coverageSchema":"1a1c01bbd47fc00a2c39e90264f33305004495a9","hash":"a0df90365021e945aa2daf4545530dca94305746"}
,"/Users/devoresyah/Documents/react-native/osmicsx/src/z-index.js": {"path":"/Users/devoresyah/Documents/react-native/osmicsx/src/z-index.js","statementMap":{"0":{"start":{"line":1,"column":15},"end":{"line":8,"column":1}}},"fnMap":{},"branchMap":{},"s":{"0":1},"f":{},"b":{},"_coverageSchema":"1a1c01bbd47fc00a2c39e90264f33305004495a9","hash":"4351fbdfa78798995a7fd997bd24a0acc3220750"}
}
